<?xml version="1.0" encoding="UTF-8"?>
<!-- Generated by org.testng.reporters.JUnitXMLReporter -->
<testsuite hostname="Divya" name="Default test" tests="3" failures="0" timestamp="8 Oct 2020 07:19:40 GMT" time="48.383" errors="0">
  <testcase name="Selenium" time="33.081" classname="SeleniumDemo.SeleniumVerification"/>
  <testcase name="PageVerification" time="9.148" classname="SeleniumDemo.SeleniumVerification"/>
  <testcase name="Verification" time="6.084" classname="SeleniumDemo.SeleniumVerification"/>
</testsuite> <!-- Default test -->
