<?xml version="1.0" encoding="UTF-8"?>
<testng-results skipped="0" failed="0" total="3" passed="3">
  <reporter-output>
  </reporter-output>
  <suite name="Default suite" duration-ms="48383" started-at="2020-10-08T07:18:51Z" finished-at="2020-10-08T07:19:39Z">
    <groups>
    </groups>
    <test name="Default test" duration-ms="48383" started-at="2020-10-08T07:18:51Z" finished-at="2020-10-08T07:19:39Z">
      <class name="SeleniumDemo.SeleniumVerification">
        <test-method status="PASS" signature="Selenium()[pri:0, instance:SeleniumDemo.SeleniumVerification@174d20a]" name="Selenium" duration-ms="33081" started-at="2020-10-08T12:48:51Z" finished-at="2020-10-08T12:49:24Z">
          <reporter-output>
          </reporter-output>
        </test-method> <!-- Selenium -->
        <test-method status="PASS" signature="PageVerification()[pri:1, instance:SeleniumDemo.SeleniumVerification@174d20a]" name="PageVerification" duration-ms="9148" started-at="2020-10-08T12:49:24Z" finished-at="2020-10-08T12:49:33Z">
          <reporter-output>
          </reporter-output>
        </test-method> <!-- PageVerification -->
        <test-method status="PASS" signature="Verification()[pri:2, instance:SeleniumDemo.SeleniumVerification@174d20a]" name="Verification" duration-ms="6084" started-at="2020-10-08T12:49:33Z" finished-at="2020-10-08T12:49:39Z">
          <reporter-output>
          </reporter-output>
        </test-method> <!-- Verification -->
      </class> <!-- SeleniumDemo.SeleniumVerification -->
    </test> <!-- Default test -->
  </suite> <!-- Default suite -->
</testng-results>
